Script started on 2022-09-12 08:30:46+09:00 [TERM="xterm-256color" TTY="/dev/pts/1" COLUMNS="77" LINES="19"]
[?2004h]0;nobsun@tpp1g3: ~/Dropbox/Seitoku/2022/A/cs/cs2022[01;32mnobsun@tpp1g3[00m:[01;34m~/Dropbox/Seitoku/2022/A/cs/cs2022[00m$ exit
[?2004lexit

Script done on 2022-09-12 08:31:08+09:00 [COMMAND_EXIT_CODE="0"]
Script started on 2022-09-12 08:36:28+09:00 [TERM="xterm-256color" TTY="/dev/pts/1" COLUMNS="77" LINES="19"]
[?2004h]0;nobsun@tpp1g3: ~/Dropbox/Seitoku/2022/A/cs/cs2022[01;32mnobsun@tpp1g3[00m:[01;34m~/Dropbox/Seitoku/2022/A/cs/cs2022[00m$ Script started on 2022-09-12 11:32:29+09:00 [TERM="xterm-256color" TTY="/dev/pts/3" COLUMNS="127" LINES="17"]
]0;risa@LAPTOP-RRDODLEA: ~/cs2022[01;32mrisa@LAPTOP-RRDODLEA[00m:[01;34m~/cs2022[00m$ stack build
[0mPreparing to install GHC (tinfo6) to an isolated location.[0m
[0mThis will not interfere with any system-level installation.[0m
Preparing to download ghc-tinfo6-8.10.7 ...                                           ghc-tinfo6-8.10.7: download has begun                                     ghc-tinfo6-8.10.7:   14.68 MiB / 207.64 MiB (  7.07%) downloaded...                                                                   ghc-tinfo6-8.10.7:   29.43 MiB / 207.64 MiB ( 14.17%) downloaded...                                                                   ghc-tinfo6-8.10.7:   44.61 MiB / 207.64 MiB ( 21.49%) downloaded...                                                                   ghc-tinfo6-8.10.7:   57.85 MiB / 207.64 MiB ( 27.86%) downloaded...                                                                   ghc-tinfo6-8.10.7:   72.63 MiB / 207.64 MiB ( 34.98%) downloaded...                                                                   ghc-tinfo6-8.10.7:   84.11 MiB / 207.64 MiB ( 40.51%) downloaded...                                                                   ghc-tinfo6-8.10.7:   92.32 MiB / 207.64 MiB ( 44.46%) downloaded...                                                                   ghc-tinfo6-8.10.7:   99.83 MiB / 207.64 MiB ( 48.08%) downloaded...                                                                   ghc-tinfo6-8.10.7:  107.33 MiB / 207.64 MiB ( 51.69%) downloaded...                                                                   ghc-tinfo6-8.10.7:  112.96 MiB / 207.64 MiB ( 54.40%) downloaded...                                                                   ghc-tinfo6-8.10.7:  120.33 MiB / 207.64 MiB ( 57.95%) downloaded...                                                                   ghc-tinfo6-8.10.7:  127.84 MiB / 207.64 MiB ( 61.57%) downloaded...                                                                   ghc-tinfo6-8.10.7:  135.26 MiB / 207.64 MiB ( 65.14%) downloaded...                                                                   ghc-tinfo6-8.10.7:  142.60 MiB / 207.64 MiB ( 68.68%) downloaded...                                                                   ghc-tinfo6-8.10.7:  150.11 MiB / 207.64 MiB ( 72.29%) downloaded...                                                                   ghc-tinfo6-8.10.7:  157.70 MiB / 207.64 MiB ( 75.95%) downloaded...                                                                   ghc-tinfo6-8.10.7:  165.14 MiB / 207.64 MiB ( 79.53%) downloaded...                                                                   ghc-tinfo6-8.10.7:  172.56 MiB / 207.64 MiB ( 83.11%) downloaded...                                                                   ghc-tinfo6-8.10.7:  180.24 MiB / 207.64 MiB ( 86.81%) downloaded...                                                                   ghc-tinfo6-8.10.7:  187.93 MiB / 207.64 MiB ( 90.51%) downloaded...                                                                   ghc-tinfo6-8.10.7:  195.36 MiB / 207.64 MiB ( 94.09%) downloaded...                                                                   ghc-tinfo6-8.10.7:  202.78 MiB / 207.64 MiB ( 97.66%) downloaded...                                                                   ghc-tinfo6-8.10.7:  207.64 MiB / 207.64 MiB (100.00%) downloaded...                                                                   [0mDownloaded ghc-tinfo6-8.10.7.[0m
Unpacking GHC into /home/risa/.stack/programs/x86_64-linux/ghc-tinfo6-8.10.7.temp/ ...                                                                                      Configuring GHC ...                   Installing GHC ...                  [0mInstalled GHC.[0m
[1 of 2] Compiling Main             ( /home/risa/.stack/setup-exe-src/setup-mPHDZzAJ.hs, /home/risa/.stack/setup-exe-src/setup-mPHDZzAJ.o )
[2 of 2] Compiling StackSetupShim   ( /home/risa/.stack/setup-exe-src/setup-shim-mPHDZzAJ.hs, /home/risa/.stack/setup-exe-src/setup-shim-mPHDZzAJ.o )
Linking /home/risa/.stack/setup-exe-cache/x86_64-linux-tinfo6/tmp-Cabal-simple_mPHDZzAJ_3.2.1.0_ghc-8.10.7 ...
Progress 0/20             [0mclock             > configure[0m
Progress 0/20             [0mclock             > Configuring clock-0.8.3...[0m
Progress 0/20             [0mclock             > build[0m
Progress 0/20             [0mcolour            > configure[0m
Progress 0/20             [0mclock             > Preprocessing library for clock-0.8.3..[0m
Progress 0/20             [0mclock             > Building library for clock-0.8.3..[0m
Progress 0/20             [0mclock             > [1 of 2] Compiling System.Clock[0m
Progress 0/20             [0mcolour            > Configuring colour-2.3.6...[0m
Progress 0/20             [0mcolour            > build[0m
Progress 0/20             [0mmain-tester       > configure[0m
Progress 0/20             [0mcolour            > Preprocessing library for colour-2.3.6..[0m
Progress 0/20             [0mcolour            > Building library for colour-2.3.6..[0m
Progress 0/20             [0mcolour            > [ 1 of 14] Compiling Data.Colour.CIE.Chromaticity[0m
Progress 0/20             [0mcolour            > [ 2 of 14] Compiling Data.Colour.CIE.Illuminant[0m
Progress 0/20             [0mmain-tester       > Configuring main-tester-0.2.0.1...[0m
Progress 0/20             [0mcolour            > [ 3 of 14] Compiling Data.Colour.Chan[0m
Progress 0/20             [0mcolour            > [ 4 of 14] Compiling Data.Colour.Internal[0m
Progress 0/20             [0mmain-tester       > build[0m
Progress 0/20             [0mprimitive         > configure[0m
Progress 0/20             [0mmain-tester       > Preprocessing library for main-tester-0.2.0.1..[0m
Progress 0/20             [0mmain-tester       > Building library for main-tester-0.2.0.1..[0m
Progress 0/20             [0mmain-tester       > [1 of 2] Compiling Test.Main.Internal[0m
Progress 0/20             [0mmain-tester       > [2 of 2] Compiling Test.Main[0m
Progress 0/20             [0mprimitive         > Configuring primitive-0.7.3.0...[0m
Progress 0/20             [0mcolour            > [ 5 of 14] Compiling Data.Colour.Matrix[0m
Progress 0/20             [0mcolour            > [ 6 of 14] Compiling Data.Colour.RGB[0m
Progress 0/20             [0mprimitive         > build[0m
Progress 0/20             [0msetenv            > configure[0m
Progress 0/20             [0mprimitive         > Preprocessing library for primitive-0.7.3.0..[0m
Progress 0/20             [0mprimitive         > Building library for primitive-0.7.3.0..[0m
Progress 0/20             [0mprimitive         > [ 1 of 12] Compiling Control.Monad.Primitive[0m
Progress 0/20             [0mclock             > [2 of 2] Compiling System.Clock.Seconds[0m
Progress 0/20             [0msetenv            > Configuring setenv-0.1.1.3...[0m
Progress 0/20             [0mmain-tester       > copy/register[0m
Progress 0/20             [0mmain-tester       > Installing library in /home/risa/.stack/snapshots/x86_64-linux-tinfo6/47d50dc1cca1eb4d88dfbc433da97ba13941bdea4c926108104e50e11ab28061/8.10.7/lib/x86_64-linux-ghc-8.10.7/main-tester-0.2.0.1-FD951bsztdnC1tMSZPlTNo[0m
Progress 0/20             [0mmain-tester       > Registering library for main-tester-0.2.0.1..[0m
Progress 0/20             [0msetenv            > build[0m
Progress 0/20             [0msplitmix          > configure[0m
Progress 0/20             Progress 1/20: call-stack, clock, colour, hspec-discover, primitive, setenv, splitmix, unicode-show                                                                                                   [0msetenv            > Preprocessing library for setenv-0.1.1.3..[0m
Progress 1/20: call-stack, clock, colour, hspec-discover, primitive, setenv, splitmix, unicode-show                                                                                                   [0msetenv            > Building library for setenv-0.1.1.3..[0m
Progress 1/20: call-stack, clock, colour, hspec-discover, primitive, setenv, splitmix, unicode-show                                                                                                   [0mcolour            > [ 7 of 14] Compiling Data.Colour.RGBSpace.HSL[0m
Progress 1/20: call-stack, clock, colour, hspec-discover, primitive, setenv, splitmix, unicode-show                                                                                                   [0msetenv            > [1 of 1] Compiling System.SetEnv[0m
Progress 1/20: call-stack, clock, colour, hspec-discover, primitive, setenv, splitmix, unicode-show                                                                                                   [0mcolour            > [ 8 of 14] Compiling Data.Colour.RGBSpace.HSV[0m
Progress 1/20: call-stack, clock, colour, hspec-discover, primitive, setenv, splitmix, unicode-show                                                                                                   [0mprimitive         > [ 2 of 12] Compiling Data.Primitive.Array[0m
Progress 1/20: call-stack, clock, colour, hspec-discover, primitive, setenv, splitmix, unicode-show                                                                                                   [0mcolour            > [ 9 of 14] Compiling Data.Colour.SRGB.Linear[0m
Progress 1/20: call-stack, clock, colour, hspec-discover, primitive, setenv, splitmix, unicode-show                                                                                                   [0mcolour            > [10 of 14] Compiling Data.Colour.RGBSpace[0m
Progress 1/20: call-stack, clock, colour, hspec-discover, primitive, setenv, splitmix, unicode-show                                                                                                   [0msetenv            > copy/register[0m
Progress 1/20: call-stack, clock, colour, hspec-discover, primitive, setenv, splitmix, unicode-show                                                                                                   [0msplitmix          > Configuring splitmix-0.1.0.4...[0m
Progress 1/20: call-stack, clock, colour, hspec-discover, primitive, setenv, splitmix, unicode-show                                                                                                   [0msetenv            > Installing library in /home/risa/.stack/snapshots/x86_64-linux-tinfo6/47d50dc1cca1eb4d88dfbc433da97ba13941bdea4c926108104e50e11ab28061/8.10.7/lib/x86_64-linux-ghc-8.10.7/setenv-0.1.1.3-HK5QtY9e5OiHjAYZJOd5Lt[0m
Progress 1/20: call-stack, clock, colour, hspec-discover, primitive, setenv, splitmix, unicode-show                                                                                                   [0mcolour            > [11 of 14] Compiling Data.Colour.SRGB[0m
Progress 1/20: call-stack, clock, colour, hspec-discover, primitive, setenv, splitmix, unicode-show                                                                                                   [0msetenv            > Registering library for setenv-0.1.1.3..[0m
Progress 1/20: call-stack, clock, colour, hspec-discover, primitive, setenv, splitmix, unicode-show                                                                                                   [0msplitmix          > build[0m
Progress 1/20: call-stack, clock, colour, hspec-discover, primitive, setenv, splitmix, unicode-show                                                                                                   [0mcall-stack        > configure[0m
Progress 1/20: call-stack, clock, colour, hspec-discover, primitive, setenv, splitmix, unicode-show                                                                                                   Progress 2/20: call-stack, clock, colour, hspec-discover, primitive, splitmix, unicode-show, utf8-string                                                                                                        [0mclock             > copy/register[0m
Progress 2/20: call-stack, clock, colour, hspec-discover, primitive, splitmix, unicode-show, utf8-string                                                                                                        [0msplitmix          > Preprocessing library for splitmix-0.1.0.4..[0m
Progress 2/20: call-stack, clock, colour, hspec-discover, primitive, splitmix, unicode-show, utf8-string                                                                                                        [0msplitmix          > Building library for splitmix-0.1.0.4..[0m
Progress 2/20: call-stack, clock, colour, hspec-discover, primitive, splitmix, unicode-show, utf8-string                                                                                                        [0mclock             > Installing library in /home/risa/.stack/snapshots/x86_64-linux-tinfo6/47d50dc1cca1eb4d88dfbc433da97ba13941bdea4c926108104e50e11ab28061/8.10.7/lib/x86_64-linux-ghc-8.10.7/clock-0.8.3-Kuh58kurzD7fuR5UAL40C[0m
Progress 2/20: call-stack, clock, colour, hspec-discover, primitive, splitmix, unicode-show, utf8-string                                                                                                        [0msplitmix          > [1 of 4] Compiling Data.Bits.Compat[0m
Progress 2/20: call-stack, clock, colour, hspec-discover, primitive, splitmix, unicode-show, utf8-string                                                                                                        [0mclock             > Registering library for clock-0.8.3..[0m
Progress 2/20: call-stack, clock, colour, hspec-discover, primitive, splitmix, unicode-show, utf8-string                                                                                                        [0msplitmix          > [2 of 4] Compiling System.Random.SplitMix.Init[0m
Progress 2/20: call-stack, clock, colour, hspec-discover, primitive, splitmix, unicode-show, utf8-string                                                                                                        Progress 3/20: call-stack, colour, hspec-discover, primitive, splitmix, unicode-show, utf8-string                                                                                                 [0mcolour            > [12 of 14] Compiling Data.Colour[0m
Progress 3/20: call-stack, colour, hspec-discover, primitive, splitmix, unicode-show, utf8-string                                                                                                 [0msplitmix          > [3 of 4] Compiling System.Random.SplitMix[0m
Progress 3/20: call-stack, colour, hspec-discover, primitive, splitmix, unicode-show, utf8-string                                                                                                 [0mcall-stack        > Configuring call-stack-0.3.0...[0m
Progress 3/20: call-stack, colour, hspec-discover, primitive, splitmix, unicode-show, utf8-string                                                                                                 [0mcolour            > [13 of 14] Compiling Data.Colour.Names[0m
Progress 3/20: call-stack, colour, hspec-discover, primitive, splitmix, unicode-show, utf8-string                                                                                                 [0mcall-stack        > build[0m
Progress 3/20: call-stack, colour, hspec-discover, primitive, splitmix, unicode-show, utf8-string                                                                                                 [0mhspec-discover    > configure[0m
Progress 3/20: call-stack, colour, hspec-discover, primitive, splitmix, unicode-show, utf8-string                                                                                                 [0mcall-stack        > Preprocessing library for call-stack-0.3.0..[0m
Progress 3/20: call-stack, colour, hspec-discover, primitive, splitmix, unicode-show, utf8-string                                                                                                 [0mcall-stack        > Building library for call-stack-0.3.0..[0m
Progress 3/20: call-stack, colour, hspec-discover, primitive, splitmix, unicode-show, utf8-string                                                                                                 [0mcall-stack        > [1 of 3] Compiling Data.SrcLoc[0m
Progress 3/20: call-stack, colour, hspec-discover, primitive, splitmix, unicode-show, utf8-string                                                                                                 [0mcall-stack        > [2 of 3] Compiling Data.CallStack[0m
Progress 3/20: call-stack, colour, hspec-discover, primitive, splitmix, unicode-show, utf8-string                                                                                                 [0msplitmix          > [4 of 4] Compiling System.Random.SplitMix32[0m
Progress 3/20: call-stack, colour, hspec-discover, primitive, splitmix, unicode-show, utf8-string                                                                                                 [0mcall-stack        > [3 of 3] Compiling Paths_call_stack[0m
Progress 3/20: call-stack, colour, hspec-discover, primitive, splitmix, unicode-show, utf8-string                                                                                                 [0mhspec-discover    > Configuring hspec-discover-2.7.10...[0m
Progress 3/20: call-stack, colour, hspec-discover, primitive, splitmix, unicode-show, utf8-string                                                                                                 [0mhspec-discover    > build[0m
Progress 3/20: call-stack, colour, hspec-discover, primitive, splitmix, unicode-show, utf8-string                                                                                                 [0mutf8-string       > configure[0m
Progress 3/20: call-stack, colour, hspec-discover, primitive, splitmix, unicode-show, utf8-string                                                                                                 [0mhspec-discover    > Preprocessing library for hspec-discover-2.7.10..[0m
Progress 3/20: call-stack, colour, hspec-discover, primitive, splitmix, unicode-show, utf8-string                                                                                                 [0mhspec-discover    > Building library for hspec-discover-2.7.10..[0m
Progress 3/20: call-stack, colour, hspec-discover, primitive, splitmix, unicode-show, utf8-string                                                                                                 [0mcall-stack        > copy/register[0m
Progress 3/20: call-stack, colour, hspec-discover, primitive, splitmix, unicode-show, utf8-string                                                                                                 [0mcall-stack        > Installing library in /home/risa/.stack/snapshots/x86_64-linux-tinfo6/47d50dc1cca1eb4d88dfbc433da97ba13941bdea4c926108104e50e11ab28061/8.10.7/lib/x86_64-linux-ghc-8.10.7/call-stack-0.3.0-7pVkO7EyIfwF2lorHgBZ1Z[0m
Progress 3/20: call-stack, colour, hspec-discover, primitive, splitmix, unicode-show, utf8-string                                                                                                 [0mhspec-discover    > [1 of 4] Compiling Paths_hspec_discover[0m
Progress 3/20: call-stack, colour, hspec-discover, primitive, splitmix, unicode-show, utf8-string                                                                                                 [0mcall-stack        > Registering library for call-stack-0.3.0..[0m
Progress 3/20: call-stack, colour, hspec-discover, primitive, splitmix, unicode-show, utf8-string                                                                                                 Progress 4/20: HUnit, colour, hspec-discover, primitive, splitmix, unicode-show, utf8-string                                                                                            [0mhspec-discover    > [2 of 4] Compiling Test.Hspec.Discover.Config[0m
Progress 4/20: HUnit, colour, hspec-discover, primitive, splitmix, unicode-show, utf8-string                                                                                            [0mutf8-string       > Configuring utf8-string-1.0.2...[0m
Progress 4/20: HUnit, colour, hspec-discover, primitive, splitmix, unicode-show, utf8-string                                                                                            [0mhspec-discover    > [3 of 4] Compiling Test.Hspec.Discover.Sort[0m
Progress 4/20: HUnit, colour, hspec-discover, primitive, splitmix, unicode-show, utf8-string                                                                                            [0mutf8-string       > build[0m
Progress 4/20: HUnit, colour, hspec-discover, primitive, splitmix, unicode-show, utf8-string                                                                                            [0municode-show      > configure[0m
Progress 4/20: HUnit, colour, hspec-discover, primitive, splitmix, unicode-show, utf8-string                                                                                            [0msplitmix          > copy/register[0m
Progress 4/20: HUnit, colour, hspec-discover, primitive, splitmix, unicode-show, utf8-string                                                                                            [0msplitmix          > Installing library in /home/risa/.stack/snapshots/x86_64-linux-tinfo6/47d50dc1cca1eb4d88dfbc433da97ba13941bdea4c926108104e50e11ab28061/8.10.7/lib/x86_64-linux-ghc-8.10.7/splitmix-0.1.0.4-Udb1gWOWPT4ftIqVxSbTF[0m
Progress 4/20: HUnit, colour, hspec-discover, primitive, splitmix, unicode-show, utf8-string                                                                                            [0mutf8-string       > Preprocessing library for utf8-string-1.0.2..[0m
Progress 4/20: HUnit, colour, hspec-discover, primitive, splitmix, unicode-show, utf8-string                                                                                            [0mutf8-string       > Building library for utf8-string-1.0.2..[0m
Progress 4/20: HUnit, colour, hspec-discover, primitive, splitmix, unicode-show, utf8-string                                                                                            [0mprimitive         > [ 3 of 12] Compiling Data.Primitive.MVar[0m
Progress 4/20: HUnit, colour, hspec-discover, primitive, splitmix, unicode-show, utf8-string                                                                                            [0mutf8-string       > [1 of 5] Compiling Codec.Binary.UTF8.String[0m
Progress 4/20: HUnit, colour, hspec-discover, primitive, splitmix, unicode-show, utf8-string                                                                                            [0msplitmix          > Registering library for splitmix-0.1.0.4..[0m
Progress 4/20: HUnit, colour, hspec-discover, primitive, splitmix, unicode-show, utf8-string                                                                                            [0mhspec-discover    > [4 of 4] Compiling Test.Hspec.Discover.Run[0m
Progress 4/20: HUnit, colour, hspec-discover, primitive, splitmix, unicode-show, utf8-string                                                                                            [0mprimitive         > [ 4 of 12] Compiling Data.Primitive.MachDeps[0m
Progress 4/20: HUnit, colour, hspec-discover, primitive, splitmix, unicode-show, utf8-string                                                                                            [0mprimitive         > [ 5 of 12] Compiling Data.Primitive.Internal.Operations[0m
Progress 4/20: HUnit, colour, hspec-discover, primitive, splitmix, unicode-show, utf8-string                                                                                            Progress 5/20: HUnit, colour, hspec-discover, primitive, random, unicode-show, utf8-string                                                                                          [0mcolour            > [14 of 14] Compiling Data.Colour.CIE[0m
Progress 5/20: HUnit, colour, hspec-discover, primitive, random, unicode-show, utf8-string                                                                                          [0municode-show      > Configuring unicode-show-0.1.1.0...[0m
Progress 5/20: HUnit, colour, hspec-discover, primitive, random, unicode-show, utf8-string                                                                                          [0mutf8-string       > [2 of 5] Compiling Codec.Binary.UTF8.Generic[0m
Progress 5/20: HUnit, colour, hspec-discover, primitive, random, unicode-show, utf8-string                                                                                          [0mprimitive         > [ 6 of 12] Compiling Data.Primitive.MutVar[0m
Progress 5/20: HUnit, colour, hspec-discover, primitive, random, unicode-show, utf8-string                                                                                          [0mprimitive         > [ 7 of 12] Compiling Data.Primitive.SmallArray[0m
Progress 5/20: HUnit, colour, hspec-discover, primitive, random, unicode-show, utf8-string                                                                                          [0municode-show      > build[0m
Progress 5/20: HUnit, colour, hspec-discover, primitive, random, unicode-show, utf8-string                                                                                          [0mHUnit             > configure[0m
Progress 5/20: HUnit, colour, hspec-discover, primitive, random, unicode-show, utf8-string                                                                                          [0municode-show      > Preprocessing library for unicode-show-0.1.1.0..[0m
Progress 5/20: HUnit, colour, hspec-discover, primitive, random, unicode-show, utf8-string                                                                                          [0municode-show      > Building library for unicode-show-0.1.1.0..[0m
Progress 5/20: HUnit, colour, hspec-discover, primitive, random, unicode-show, utf8-string                                                                                          [0municode-show      > [1 of 1] Compiling Text.Show.Unicode[0m
Progress 5/20: HUnit, colour, hspec-discover, primitive, random, unicode-show, utf8-string                                                                                          [0mcolour            > copy/register[0m
Progress 5/20: HUnit, colour, hspec-discover, primitive, random, unicode-show, utf8-string                                                                                          [0mcolour            > Installing library in /home/risa/.stack/snapshots/x86_64-linux-tinfo6/47d50dc1cca1eb4d88dfbc433da97ba13941bdea4c926108104e50e11ab28061/8.10.7/lib/x86_64-linux-ghc-8.10.7/colour-2.3.6-2cl6zeh1tuv4LM4jVThjAx[0m
Progress 5/20: HUnit, colour, hspec-discover, primitive, random, unicode-show, utf8-string                                                                                          [0mcolour            > Registering library for colour-2.3.6..[0m
Progress 5/20: HUnit, colour, hspec-discover, primitive, random, unicode-show, utf8-string                                                                                          [0mhspec-discover    > Preprocessing executable 'hspec-discover' for hspec-discover-2.7.10..[0m
Progress 5/20: HUnit, colour, hspec-discover, primitive, random, unicode-show, utf8-string                                                                                          [0mhspec-discover    > Building executable 'hspec-discover' for hspec-discover-2.7.10..[0m
Progress 5/20: HUnit, colour, hspec-discover, primitive, random, unicode-show, utf8-string                                                                                          Progress 6/20: HUnit, ansi-terminal, hspec-discover, primitive, random, unicode-show, utf8-string                                                                                                 [0mhspec-discover    > [1 of 2] Compiling Main[0m
Progress 6/20: HUnit, ansi-terminal, hspec-discover, primitive, random, unicode-show, utf8-string                                                                                                 [0mHUnit             > Configuring HUnit-1.6.2.0...[0m
Progress 6/20: HUnit, ansi-terminal, hspec-discover, primitive, random, unicode-show, utf8-string                                                                                                 [0mhspec-discover    > [2 of 2] Compiling Paths_hspec_discover[0m
Progress 6/20: HUnit, ansi-terminal, hspec-discover, primitive, random, unicode-show, utf8-string                                                                                                 [0municode-show      > copy/register[0m
Progress 6/20: HUnit, ansi-terminal, hspec-discover, primitive, random, unicode-show, utf8-string                                                                                                 [0municode-show      > Installing library in /home/risa/.stack/snapshots/x86_64-linux-tinfo6/47d50dc1cca1eb4d88dfbc433da97ba13941bdea4c926108104e50e11ab28061/8.10.7/lib/x86_64-linux-ghc-8.10.7/unicode-show-0.1.1.0-5JBzLlTthlhAVUJgwEaRj2[0m
Progress 6/20: HUnit, ansi-terminal, hspec-discover, primitive, random, unicode-show, utf8-string                                                                                                 [0mHUnit             > build[0m
Progress 6/20: HUnit, ansi-terminal, hspec-discover, primitive, random, unicode-show, utf8-string                                                                                                 [0mHUnit             > Preprocessing library for HUnit-1.6.2.0..[0m
Progress 6/20: HUnit, ansi-terminal, hspec-discover, primitive, random, unicode-show, utf8-string                                                                                                 [0mHUnit             > Building library for HUnit-1.6.2.0..[0m
Progress 6/20: HUnit, ansi-terminal, hspec-discover, primitive, random, unicode-show, utf8-string                                                                                                 [0mhspec-discover    > Linking .stack-work/dist/x86_64-linux-tinfo6/Cabal-3.2.1.0/build/hspec-discover/hspec-discover ...[0m
Progress 6/20: HUnit, ansi-terminal, hspec-discover, primitive, random, unicode-show, utf8-string                                                                                                 [0mHUnit             > [1 of 6] Compiling Paths_HUnit[0m
Progress 6/20: HUnit, ansi-terminal, hspec-discover, primitive, random, unicode-show, utf8-string                                                                                                 [0municode-show      > Registering library for unicode-show-0.1.1.0..[0m
Progress 6/20: HUnit, ansi-terminal, hspec-discover, primitive, random, unicode-show, utf8-string                                                                                                 Progress 7/20: HUnit, ansi-terminal, hspec-discover, primitive, random, utf8-string                                                                                   [0mHUnit             > [2 of 6] Compiling Test.HUnit.Lang[0m
Progress 7/20: HUnit, ansi-terminal, hspec-discover, primitive, random, utf8-string                                                                                   [0mutf8-string       > [3 of 5] Compiling Data.ByteString.Lazy.UTF8[0m
Progress 7/20: HUnit, ansi-terminal, hspec-discover, primitive, random, utf8-string                                                                                   [0mhspec-discover    > copy/register[0m
Progress 7/20: HUnit, ansi-terminal, hspec-discover, primitive, random, utf8-string                                                                                   [0mHUnit             > [3 of 6] Compiling Test.HUnit.Base[0m
Progress 7/20: HUnit, ansi-terminal, hspec-discover, primitive, random, utf8-string                                                                                   [0mhspec-discover    > Installing library in /home/risa/.stack/snapshots/x86_64-linux-tinfo6/47d50dc1cca1eb4d88dfbc433da97ba13941bdea4c926108104e50e11ab28061/8.10.7/lib/x86_64-linux-ghc-8.10.7/hspec-discover-2.7.10-3LwQypLGw3GL4mCgTTC0gJ[0m
Progress 7/20: HUnit, ansi-terminal, hspec-discover, primitive, random, utf8-string                                                                                   [0mhspec-discover    > Installing executable hspec-discover in /home/risa/.stack/snapshots/x86_64-linux-tinfo6/47d50dc1cca1eb4d88dfbc433da97ba13941bdea4c926108104e50e11ab28061/8.10.7/bin[0m
Progress 7/20: HUnit, ansi-terminal, hspec-discover, primitive, random, utf8-string                                                                                   [0mansi-terminal     > configure[0m
Progress 7/20: HUnit, ansi-terminal, hspec-discover, primitive, random, utf8-string                                                                                   [0mhspec-discover    > Registering library for hspec-discover-2.7.10..[0m
Progress 7/20: HUnit, ansi-terminal, hspec-discover, primitive, random, utf8-string                                                                                   Progress 8/20: HUnit, ansi-terminal, primitive, random, utf8-string                                                                   [0mansi-terminal     > Configuring ansi-terminal-0.11.1...[0m
Progress 8/20: HUnit, ansi-terminal, primitive, random, utf8-string                                                                   [0mansi-terminal     > build[0m
Progress 8/20: HUnit, ansi-terminal, primitive, random, utf8-string                                                                   [0mrandom            > configure[0m
Progress 8/20: HUnit, ansi-terminal, primitive, random, utf8-string                                                                   [0mansi-terminal     > Preprocessing library for ansi-terminal-0.11.1..[0m
Progress 8/20: HUnit, ansi-terminal, primitive, random, utf8-string                                                                   [0mansi-terminal     > Building library for ansi-terminal-0.11.1..[0m
Progress 8/20: HUnit, ansi-terminal, primitive, random, utf8-string                                                                   [0mprimitive         > [ 8 of 12] Compiling Data.Primitive.Types[0m
Progress 8/20: HUnit, ansi-terminal, primitive, random, utf8-string                                                                   [0mansi-terminal     > [1 of 4] Compiling System.Console.ANSI.Types[0m
Progress 8/20: HUnit, ansi-terminal, primitive, random, utf8-string                                                                   [0mHUnit             > [4 of 6] Compiling Test.HUnit.Terminal[0m
Progress 8/20: HUnit, ansi-terminal, primitive, random, utf8-string                                                                   [0mutf8-string       > [4 of 5] Compiling Data.ByteString.UTF8[0m
Progress 8/20: HUnit, ansi-terminal, primitive, random, utf8-string                                                                   [0mHUnit             > [5 of 6] Compiling Test.HUnit.Text[0m
Progress 8/20: HUnit, ansi-terminal, primitive, random, utf8-string                                                                   [0mHUnit             > [6 of 6] Compiling Test.HUnit[0m
Progress 8/20: HUnit, ansi-terminal, primitive, random, utf8-string                                                                   [0mutf8-string       > [5 of 5] Compiling Data.String.UTF8[0m
Progress 8/20: HUnit, ansi-terminal, primitive, random, utf8-string                                                                   [0mrandom            > Configuring random-1.2.0...[0m
Progress 8/20: HUnit, ansi-terminal, primitive, random, utf8-string                                                                   [0mrandom            > build[0m
Progress 8/20: HUnit, ansi-terminal, primitive, random, utf8-string                                                                   [0mrandom            > Preprocessing library for random-1.2.0..[0m
Progress 8/20: HUnit, ansi-terminal, primitive, random, utf8-string                                                                   [0mrandom            > Building library for random-1.2.0..[0m
Progress 8/20: HUnit, ansi-terminal, primitive, random, utf8-string                                                                   [0mHUnit             > copy/register[0m
Progress 8/20: HUnit, ansi-terminal, primitive, random, utf8-string                                                                   [0mHUnit             > Installing library in /home/risa/.stack/snapshots/x86_64-linux-tinfo6/47d50dc1cca1eb4d88dfbc433da97ba13941bdea4c926108104e50e11ab28061/8.10.7/lib/x86_64-linux-ghc-8.10.7/HUnit-1.6.2.0-pZ2DzHy81437nxk32y5Fo[0m
Progress 8/20: HUnit, ansi-terminal, primitive, random, utf8-string                                                                   [0mrandom            > [1 of 3] Compiling System.Random.Internal[0m
Progress 8/20: HUnit, ansi-terminal, primitive, random, utf8-string                                                                   [0mHUnit             > Registering library for HUnit-1.6.2.0..[0m
Progress 8/20: HUnit, ansi-terminal, primitive, random, utf8-string                                                                   [0mutf8-string       > copy/register[0m
Progress 8/20: HUnit, ansi-terminal, primitive, random, utf8-string                                                                   Progress 9/20: ansi-terminal, hspec-expectations, primitive, random, utf8-string                                                                                [0mhspec-expectations> configure[0m
Progress 9/20: ansi-terminal, hspec-expectations, primitive, random, utf8-string                                                                                [0mutf8-string       > Installing library in /home/risa/.stack/snapshots/x86_64-linux-tinfo6/47d50dc1cca1eb4d88dfbc433da97ba13941bdea4c926108104e50e11ab28061/8.10.7/lib/x86_64-linux-ghc-8.10.7/utf8-string-1.0.2-Dcs5HO3nG6SCnaLrgefWwG[0m
Progress 9/20: ansi-terminal, hspec-expectations, primitive, random, utf8-string                                                                                [0mutf8-string       > Registering library for utf8-string-1.0.2..[0m
Progress 9/20: ansi-terminal, hspec-expectations, primitive, random, utf8-string                                                                                Progress 10/20: ansi-terminal, hspec-expectations, primitive, random                                                                    [0mhspec-expectations> Configuring hspec-expectations-0.8.2...[0m
Progress 10/20: ansi-terminal, hspec-expectations, primitive, random                                                                    [0mhspec-expectations> build[0m
Progress 10/20: ansi-terminal, hspec-expectations, primitive, random                                                                    [0mhspec-expectations> Preprocessing library for hspec-expectations-0.8.2..[0m
Progress 10/20: ansi-terminal, hspec-expectations, primitive, random                                                                    [0mhspec-expectations> Building library for hspec-expectations-0.8.2..[0m
Progress 10/20: ansi-terminal, hspec-expectations, primitive, random                                                                    [0mprimitive         > [ 9 of 12] Compiling Data.Primitive.ByteArray[0m
Progress 10/20: ansi-terminal, hspec-expectations, primitive, random                                                                    [0mhspec-expectations> [1 of 4] Compiling Paths_hspec_expectations[0m
Progress 10/20: ansi-terminal, hspec-expectations, primitive, random                                                                    [0mhspec-expectations> [2 of 4] Compiling Test.Hspec.Expectations.Contrib[0m
Progress 10/20: ansi-terminal, hspec-expectations, primitive, random                                                                    [0mhspec-expectations> [3 of 4] Compiling Test.Hspec.Expectations.Matcher[0m
Progress 10/20: ansi-terminal, hspec-expectations, primitive, random                                                                    [0mhspec-expectations> [4 of 4] Compiling Test.Hspec.Expectations[0m
Progress 10/20: ansi-terminal, hspec-expectations, primitive, random                                                                    [0mhspec-expectations> copy/register[0m
Progress 10/20: ansi-terminal, hspec-expectations, primitive, random                                                                    [0mhspec-expectations> Installing library in /home/risa/.stack/snapshots/x86_64-linux-tinfo6/47d50dc1cca1eb4d88dfbc433da97ba13941bdea4c926108104e50e11ab28061/8.10.7/lib/x86_64-linux-ghc-8.10.7/hspec-expectations-0.8.2-KhCBXXgLrJop2wmDTFmAN[0m
Progress 10/20: ansi-terminal, hspec-expectations, primitive, random                                                                    [0mhspec-expectations> Registering library for hspec-expectations-0.8.2..[0m
Progress 10/20: ansi-terminal, hspec-expectations, primitive, random                                                                    [0mprimitive         > [10 of 12] Compiling Data.Primitive.PrimArray[0m
Progress 10/20: ansi-terminal, hspec-expectations, primitive, random                                                                    Progress 11/20: ansi-terminal, primitive, random                                                [0mansi-terminal     > [2 of 4] Compiling System.Console.ANSI.Codes[0m
Progress 11/20: ansi-terminal, primitive, random                                                [0mansi-terminal     > [3 of 4] Compiling System.Console.ANSI.Unix[0m
Progress 11/20: ansi-terminal, primitive, random                                                [0mansi-terminal     > [4 of 4] Compiling System.Console.ANSI[0m
Progress 11/20: ansi-terminal, primitive, random                                                [0mansi-terminal     > copy/register[0m
Progress 11/20: ansi-terminal, primitive, random                                                [0mansi-terminal     > Installing library in /home/risa/.stack/snapshots/x86_64-linux-tinfo6/47d50dc1cca1eb4d88dfbc433da97ba13941bdea4c926108104e50e11ab28061/8.10.7/lib/x86_64-linux-ghc-8.10.7/ansi-terminal-0.11.1-7Ay3GOLqEx054eLPVC3r8i[0m
Progress 11/20: ansi-terminal, primitive, random                                                [0mansi-terminal     > Registering library for ansi-terminal-0.11.1..[0m
Progress 11/20: ansi-terminal, primitive, random                                                Progress 12/20: primitive, random                                 [0mprimitive         > [11 of 12] Compiling Data.Primitive.Ptr[0m
Progress 12/20: primitive, random                                 [0mrandom            > [2 of 3] Compiling System.Random[0m
Progress 12/20: primitive, random                                 [0mprimitive         > [12 of 12] Compiling Data.Primitive[0m
Progress 12/20: primitive, random                                 [0mprimitive         > copy/register[0m
Progress 12/20: primitive, random                                 [0mprimitive         > Installing library in /home/risa/.stack/snapshots/x86_64-linux-tinfo6/47d50dc1cca1eb4d88dfbc433da97ba13941bdea4c926108104e50e11ab28061/8.10.7/lib/x86_64-linux-ghc-8.10.7/primitive-0.7.3.0-HMedJdQUTCQ79SiIUfisnA[0m
Progress 12/20: primitive, random                                 [0mprimitive         > Registering library for primitive-0.7.3.0..[0m
Progress 12/20: primitive, random                                 Progress 13/20: random                      [0mrandom            > [3 of 3] Compiling System.Random.Stateful[0m
Progress 13/20: random                      [0mrandom            > copy/register[0m
Progress 13/20: random                      [0mrandom            > Installing library in /home/risa/.stack/snapshots/x86_64-linux-tinfo6/47d50dc1cca1eb4d88dfbc433da97ba13941bdea4c926108104e50e11ab28061/8.10.7/lib/x86_64-linux-ghc-8.10.7/random-1.2.0-GAV679NMk7iDELNoxF99p4[0m
Progress 13/20: random                      [0mrandom            > Registering library for random-1.2.0..[0m
Progress 13/20: random                      Progress 14/20: QuickCheck, tf-random                                     [0mQuickCheck        > configure[0m
Progress 14/20: QuickCheck, tf-random                                     [0mQuickCheck        > Configuring QuickCheck-2.14.2...[0m
Progress 14/20: QuickCheck, tf-random                                     [0mQuickCheck        > build[0m
Progress 14/20: QuickCheck, tf-random                                     [0mtf-random         > configure[0m
Progress 14/20: QuickCheck, tf-random                                     [0mQuickCheck        > Preprocessing library for QuickCheck-2.14.2..[0m
Progress 14/20: QuickCheck, tf-random                                     [0mQuickCheck        > Building library for QuickCheck-2.14.2..[0m
Progress 14/20: QuickCheck, tf-random                                     [0mQuickCheck        > [ 1 of 16] Compiling Test.QuickCheck.Exception[0m
Progress 14/20: QuickCheck, tf-random                                     [0mQuickCheck        > [ 2 of 16] Compiling Test.QuickCheck.Random[0m
Progress 14/20: QuickCheck, tf-random                                     [0mtf-random         > Configuring tf-random-0.5...[0m
Progress 14/20: QuickCheck, tf-random                                     [0mtf-random         > build[0m
Progress 14/20: QuickCheck, tf-random                                     [0mtf-random         > Preprocessing library for tf-random-0.5..[0m
Progress 14/20: QuickCheck, tf-random                                     [0mtf-random         > Building library for tf-random-0.5..[0m
Progress 14/20: QuickCheck, tf-random                                     [0mQuickCheck        > [ 3 of 16] Compiling Test.QuickCheck.Gen[0m
Progress 14/20: QuickCheck, tf-random                                     [0mtf-random         > [1 of 4] Compiling System.Random.TF.Gen[0m
Progress 14/20: QuickCheck, tf-random                                     [0mQuickCheck        > [ 4 of 16] Compiling Test.QuickCheck.Gen.Unsafe[0m
Progress 14/20: QuickCheck, tf-random                                     [0mQuickCheck        > [ 5 of 16] Compiling Test.QuickCheck.Arbitrary[0m
Progress 14/20: QuickCheck, tf-random                                     [0mtf-random         > [2 of 4] Compiling System.Random.TF.Init[0m
Progress 14/20: QuickCheck, tf-random                                     [0mtf-random         > [0m
Progress 14/20: QuickCheck, tf-random                                     [0mtf-random         > /tmp/stack-26fb17b7ffc3c09d/tf-random-0.5/[;1msrc/System/Random/TF/Init.hs:94:5: [;1m[35mwarning:[0m[0m[;1m [[;1m[35m-Wdeprecations[0m[0m[;1m][0m[0m[;1m[0m
Progress 14/20: QuickCheck, tf-random                                     [0mtf-random         >     In the use of ‘bitSize’ (imported from Data.Bits):[0m
Progress 14/20: QuickCheck, tf-random                                     [0mtf-random         >     Deprecated: "Use 'bitSizeMaybe' or 'finiteBitSize' instead"[0m[0m[0m
Progress 14/20: QuickCheck, tf-random                                     [0mtf-random         > [;1m[34m   |[0m[0m[0m
Progress 14/20: QuickCheck, tf-random                                     [0mtf-random         > [;1m[34m94 |[0m[0m   | [;1m[35mbitSize[0m[0m n > 64 = error "mkTFGen: case where size of Int > 64 not implemented"[0m
Progress 14/20: QuickCheck, tf-random                                     [0mtf-random         > [;1m[34m   |[0m[0m[;1m[35m     ^^^^^^^[0m[0m[0m
Progress 14/20: QuickCheck, tf-random                                     [0mtf-random         > [3 of 4] Compiling System.Random.TF[0m
Progress 14/20: QuickCheck, tf-random                                     [0mtf-random         > [4 of 4] Compiling System.Random.TF.Instances[0m
Progress 14/20: QuickCheck, tf-random                                     [0mtf-random         > [0m[0m[0m[0m
Progress 14/20: QuickCheck, tf-random                                     [0mtf-random         > copy/register[0m
Progress 14/20: QuickCheck, tf-random                                     [0mtf-random         > Installing library in /home/risa/.stack/snapshots/x86_64-linux-tinfo6/47d50dc1cca1eb4d88dfbc433da97ba13941bdea4c926108104e50e11ab28061/8.10.7/lib/x86_64-linux-ghc-8.10.7/tf-random-0.5-LSHIVYu6t7B1rUhQU3HnbS[0m
Progress 14/20: QuickCheck, tf-random                                     [0mtf-random         > Registering library for tf-random-0.5..[0m
Progress 14/20: QuickCheck, tf-random                                     Progress 15/20: QuickCheck                          [0mQuickCheck        > [ 6 of 16] Compiling Test.QuickCheck.Poly[0m
Progress 15/20: QuickCheck                          [0mQuickCheck        > [ 7 of 16] Compiling Test.QuickCheck.Modifiers[0m
Progress 15/20: QuickCheck                          [0mQuickCheck        > [ 8 of 16] Compiling Test.QuickCheck.Function[0m
Progress 15/20: QuickCheck                          [0mQuickCheck        > [ 9 of 16] Compiling Test.QuickCheck.Text[0m
Progress 15/20: QuickCheck                          [0mQuickCheck        > [10 of 16] Compiling Test.QuickCheck.State[0m
Progress 15/20: QuickCheck                          [0mQuickCheck        > [11 of 16] Compiling Test.QuickCheck.Property[0m
Progress 15/20: QuickCheck                          [0mQuickCheck        > [12 of 16] Compiling Test.QuickCheck.Test[0m
Progress 15/20: QuickCheck                          [0mQuickCheck        > [13 of 16] Compiling Test.QuickCheck.Monadic[0m
Progress 15/20: QuickCheck                          [0mQuickCheck        > [14 of 16] Compiling Test.QuickCheck.All[0m
Progress 15/20: QuickCheck                          [0mQuickCheck        > [15 of 16] Compiling Test.QuickCheck.Features[0m
Progress 15/20: QuickCheck                          [0mQuickCheck        > [16 of 16] Compiling Test.QuickCheck[0m
Progress 15/20: QuickCheck                          [0mQuickCheck        > copy/register[0m
Progress 15/20: QuickCheck                          [0mQuickCheck        > Installing library in /home/risa/.stack/snapshots/x86_64-linux-tinfo6/47d50dc1cca1eb4d88dfbc433da97ba13941bdea4c926108104e50e11ab28061/8.10.7/lib/x86_64-linux-ghc-8.10.7/QuickCheck-2.14.2-9znbJPXXIAU5zq9aq8lWOx[0m
Progress 15/20: QuickCheck                          [0mQuickCheck        > Registering library for QuickCheck-2.14.2..[0m
Progress 15/20: QuickCheck                          Progress 16/20: quickcheck-io                             [0mquickcheck-io     > configure[0m
Progress 16/20: quickcheck-io                             [0mquickcheck-io     > Configuring quickcheck-io-0.2.0...[0m
Progress 16/20: quickcheck-io                             [0mquickcheck-io     > build[0m
Progress 16/20: quickcheck-io                             [0mquickcheck-io     > Preprocessing library for quickcheck-io-0.2.0..[0m
Progress 16/20: quickcheck-io                             [0mquickcheck-io     > Building library for quickcheck-io-0.2.0..[0m
Progress 16/20: quickcheck-io                             [0mquickcheck-io     > [1 of 2] Compiling Paths_quickcheck_io[0m
Progress 16/20: quickcheck-io                             [0mquickcheck-io     > [2 of 2] Compiling Test.QuickCheck.IO[0m
Progress 16/20: quickcheck-io                             [0mquickcheck-io     > copy/register[0m
Progress 16/20: quickcheck-io                             [0mquickcheck-io     > Installing library in /home/risa/.stack/snapshots/x86_64-linux-tinfo6/47d50dc1cca1eb4d88dfbc433da97ba13941bdea4c926108104e50e11ab28061/8.10.7/lib/x86_64-linux-ghc-8.10.7/quickcheck-io-0.2.0-DABK57to2wM2sqyJoX6nBo[0m
Progress 16/20: quickcheck-io                             [0mquickcheck-io     > Registering library for quickcheck-io-0.2.0..[0m
Progress 16/20: quickcheck-io                             Progress 17/20: hspec-core                          [0mhspec-core        > configure[0m
Progress 17/20: hspec-core                          [0mhspec-core        > Configuring hspec-core-2.7.10...[0m
Progress 17/20: hspec-core                          [0mhspec-core        > build[0m
Progress 17/20: hspec-core                          [0mhspec-core        > Preprocessing library for hspec-core-2.7.10..[0m
Progress 17/20: hspec-core                          [0mhspec-core        > Building library for hspec-core-2.7.10..[0m
Progress 17/20: hspec-core                          [0mhspec-core        > [ 1 of 28] Compiling Control.Concurrent.Async[0m
Progress 17/20: hspec-core                          [0mhspec-core        > [ 2 of 28] Compiling Data.Algorithm.Diff[0m
Progress 17/20: hspec-core                          [0mhspec-core        > [ 3 of 28] Compiling Paths_hspec_core[0m
Progress 17/20: hspec-core                          [0mhspec-core        > [ 4 of 28] Compiling Test.Hspec.Core.Clock[0m
Progress 17/20: hspec-core                          [0mhspec-core        > [ 5 of 28] Compiling Test.Hspec.Core.Compat[0m
Progress 17/20: hspec-core                          [0mhspec-core        > [ 6 of 28] Compiling Test.Hspec.Core.Example.Location[0m
Progress 17/20: hspec-core                          [0mhspec-core        > [ 7 of 28] Compiling Test.Hspec.Core.Formatters.Diff[0m
Progress 17/20: hspec-core                          [0mhspec-core        > [ 8 of 28] Compiling Test.Hspec.Core.Formatters.Free[0m
Progress 17/20: hspec-core                          [0mhspec-core        > [ 9 of 28] Compiling Test.Hspec.Core.Timer[0m
Progress 17/20: hspec-core                          [0mhspec-core        > [10 of 28] Compiling Test.Hspec.Core.Util[0m
Progress 17/20: hspec-core                          [0mhspec-core        > [11 of 28] Compiling Test.Hspec.Core.QuickCheckUtil[0m
Progress 17/20: hspec-core                          [0mhspec-core        > [12 of 28] Compiling Test.Hspec.Core.Example[0m
Progress 17/20: hspec-core                          [0mhspec-core        > [13 of 28] Compiling Test.Hspec.Core.Tree[0m
Progress 17/20: hspec-core                          [0mhspec-core        > [14 of 28] Compiling Test.Hspec.Core.Shuffle[0m
Progress 17/20: hspec-core                          [0mhspec-core        > [15 of 28] Compiling Test.Hspec.Core.Spec.Monad[0m
Progress 17/20: hspec-core                          [0mhspec-core        > [16 of 28] Compiling Test.Hspec.Core.Hooks[0m
Progress 17/20: hspec-core                          [0mhspec-core        > [17 of 28] Compiling Test.Hspec.Core.Spec[0m
Progress 17/20: hspec-core                          [0mhspec-core        > [18 of 28] Compiling Test.Hspec.Core.QuickCheck[0m
Progress 17/20: hspec-core                          [0mhspec-core        > [19 of 28] Compiling Test.Hspec.Core.Formatters.Monad[0m
Progress 17/20: hspec-core                          [0mhspec-core        > [20 of 28] Compiling Test.Hspec.Core.Formatters[0m
Progress 17/20: hspec-core                          [0mhspec-core        > [21 of 28] Compiling Test.Hspec.Core.Format[0m
Progress 17/20: hspec-core                          [0mhspec-core        > [22 of 28] Compiling Test.Hspec.Core.Runner.Eval[0m
Progress 17/20: hspec-core                          [0mhspec-core        > [23 of 28] Compiling Test.Hspec.Core.Formatters.Internal[0m
Progress 17/20: hspec-core                          [0mhspec-core        > [24 of 28] Compiling Test.Hspec.Core.Config.Util[0m
Progress 17/20: hspec-core                          [0mhspec-core        > [25 of 28] Compiling Test.Hspec.Core.Config.Options[0m
Progress 17/20: hspec-core                          [0mhspec-core        > [26 of 28] Compiling Test.Hspec.Core.FailureReport[0m
Progress 17/20: hspec-core                          [0mhspec-core        > [27 of 28] Compiling Test.Hspec.Core.Config[0m
Progress 17/20: hspec-core                          [0mhspec-core        > [28 of 28] Compiling Test.Hspec.Core.Runner[0m
Progress 17/20: hspec-core                          [0mhspec-core        > copy/register[0m
Progress 17/20: hspec-core                          [0mhspec-core        > Installing library in /home/risa/.stack/snapshots/x86_64-linux-tinfo6/47d50dc1cca1eb4d88dfbc433da97ba13941bdea4c926108104e50e11ab28061/8.10.7/lib/x86_64-linux-ghc-8.10.7/hspec-core-2.7.10-H7oHPDwSwDmIYbmXnwJhQp[0m
Progress 17/20: hspec-core                          [0mhspec-core        > Registering library for hspec-core-2.7.10..[0m
Progress 17/20: hspec-core                          Progress 18/20: hspec                     [0mhspec             > configure[0m
Progress 18/20: hspec                     [0mhspec             > Configuring hspec-2.7.10...[0m
Progress 18/20: hspec                     [0mhspec             > build[0m
Progress 18/20: hspec                     [0mhspec             > Preprocessing library for hspec-2.7.10..[0m
Progress 18/20: hspec                     [0mhspec             > Building library for hspec-2.7.10..[0m
Progress 18/20: hspec                     [0mhspec             > [1 of 6] Compiling Paths_hspec[0m
Progress 18/20: hspec                     [0mhspec             > [2 of 6] Compiling Test.Hspec.Formatters[0m
Progress 18/20: hspec                     [0mhspec             > [3 of 6] Compiling Test.Hspec.Discover[0m
Progress 18/20: hspec                     [0mhspec             > [4 of 6] Compiling Test.Hspec.Runner[0m
Progress 18/20: hspec                     [0mhspec             > [5 of 6] Compiling Test.Hspec[0m
Progress 18/20: hspec                     [0mhspec             > [6 of 6] Compiling Test.Hspec.QuickCheck[0m
Progress 18/20: hspec                     [0mhspec             > copy/register[0m
Progress 18/20: hspec                     [0mhspec             > Installing library in /home/risa/.stack/snapshots/x86_64-linux-tinfo6/47d50dc1cca1eb4d88dfbc433da97ba13941bdea4c926108104e50e11ab28061/8.10.7/lib/x86_64-linux-ghc-8.10.7/hspec-2.7.10-5p0HVzmV9VuBmjJjxYx4EP[0m
Progress 18/20: hspec                     [0mhspec             > Registering library for hspec-2.7.10..[0m
Progress 18/20: hspec                     Progress 19/20: cs2022                      [0mBuilding all executables for `cs2022' once. After a successful build of all of them, only specified executables will be rebuilt.[0m
Progress 19/20: cs2022                      [0mcs2022            > configure (lib + exe)[0m
Progress 19/20: cs2022                      [0mConfiguring cs2022-0.1.0.0...[0m
Progress 19/20: cs2022                      [0mcs2022            > build (lib + exe)[0m
Progress 19/20: cs2022                      [0mPreprocessing library for cs2022-0.1.0.0..[0m
Progress 19/20: cs2022                      [0mBuilding library for cs2022-0.1.0.0..[0m
Progress 19/20: cs2022                      [0m[1 of 2] Compiling Lib[0m
Progress 19/20: cs2022                      [0m[2 of 2] Compiling Paths_cs2022[0m
Progress 19/20: cs2022                      [0mPreprocessing executable 'cs2022' for cs2022-0.1.0.0..[0m
Progress 19/20: cs2022                      [0mBuilding executable 'cs2022' for cs2022-0.1.0.0..[0m
Progress 19/20: cs2022                      [0m[1 of 2] Compiling Main[0m
Progress 19/20: cs2022                      [0m[2 of 2] Compiling Paths_cs2022[0m
Progress 19/20: cs2022                      [0mLinking .stack-work/dist/x86_64-linux-tinfo6/Cabal-3.2.1.0/build/cs2022/cs2022 ...[0m
Progress 19/20: cs2022                      [0mcs2022            > copy/register[0m
Progress 19/20: cs2022                      [0mInstalling library in /home/risa/cs2022/.stack-work/install/x86_64-linux-tinfo6/47d50dc1cca1eb4d88dfbc433da97ba13941bdea4c926108104e50e11ab28061/8.10.7/lib/x86_64-linux-ghc-8.10.7/cs2022-0.1.0.0-BUCyn38qLb36zUXpKHew9j[0m
Progress 19/20: cs2022                      [0mInstalling executable cs2022 in /home/risa/cs2022/.stack-work/install/x86_64-linux-tinfo6/47d50dc1cca1eb4d88dfbc433da97ba13941bdea4c926108104e50e11ab28061/8.10.7/bin[0m
Progress 19/20: cs2022                      [0mRegistering library for cs2022-0.1.0.0..[0m
Progress 19/20: cs2022                      [0mCompleted 20 action(s).[0m
]0;risa@LAPTOP-RRDODLEA: ~/cs2022[01;32mrisa@LAPTOP-RRDODLEA[00m:[01;34m~/cs2022[00m$ Script started on 2022-09-19 12:04:19+09:00 [TERM="xterm-256color" TTY="/dev/pts/4" COLUMNS="127" LINES="17"]
]0;risa@LAPTOP-RRDODLEA: ~/cs2022[01;32mrisa@LAPTOP-RRDODLEA[00m:[01;34m~/cs2022[00m$ stack build
[0mcs2022-0.1.0.0: unregistering (local file changes: cs2022.cabal src/TemplateAlgo.hs)[0m
[0mcs2022> configure (lib + exe)[0m
[0mConfiguring cs2022-0.1.0.0...[0m
[0mcs2022> build (lib + exe)[0m
[0mPreprocessing library for cs2022-0.1.0.0..[0m
[0mBuilding library for cs2022-0.1.0.0..[0m
[0m[3 of 3] Compiling TemplateAlgo[0m
[0mPreprocessing executable 'cs2022' for cs2022-0.1.0.0..[0m
[0mBuilding executable 'cs2022' for cs2022-0.1.0.0..[0m
[0mLinking .stack-work/dist/x86_64-linux-tinfo6/Cabal-3.2.1.0/build/cs2022/cs2022 ...[0m
[0mcs2022> copy/register[0m
[0mInstalling library in /home/risa/cs2022/.stack-work/install/x86_64-linux-tinfo6/47d50dc1cca1eb4d88dfbc433da97ba13941bdea4c926108104e50e11ab28061/8.10.7/lib/x86_64-linux-ghc-8.10.7/cs2022-0.1.0.0-BUCyn38qLb36zUXpKHew9j[0m
[0mInstalling executable cs2022 in /home/risa/cs2022/.stack-work/install/x86_64-linux-tinfo6/47d50dc1cca1eb4d88dfbc433da97ba13941bdea4c926108104e50e11ab28061/8.10.7/bin[0m
[0mRegistering library for cs2022-0.1.0.0..[0m
]0;risa@LAPTOP-RRDODLEA: ~/cs2022[01;32mrisa@LAPTOP-RRDODLEA[00m:[01;34m~/cs2022[00m$ lghci src?[K/TemplateAlgo.hs
[?1h=GHCi, version 8.10.7: https://www.haskell.org/ghc/  :? for help
Loaded GHCi configuration from /home/risa/cs2022/.ghci
2022-09-19 12:12:18.002714044
>>> :q
[?1l>Leaving GHCi.
]0;risa@LAPTOP-RRDODLEA: ~/cs2022[01;32mrisa@LAPTOP-RRDODLEA[00m:[01;34m~/cs2022[00m$ stack exec -- src/TemplateAlgo.hsgsrc/TemplateAlgo.hshsrc/TemplateAlgo.hscsrc/TemplateAlgo.hsisrc/TemplateAlgo.hs src/TemplateAlgo.hs[C[C[C[C[C[C[C[C[C[C[C[C[C[C[C[C[C[C[C
GHCi, version 8.10.7: https://www.haskell.org/ghc/  :? for help
Loaded GHCi configuration from /home/risa/cs2022/.ghci
[1 of 1] Compiling TemplateAlgo     ( src/TemplateAlgo.hs, interpreted )
Ok, one module loaded.
2022-09-19 12:14:15.653649307
[?1h=>>> :q
[?1l>Leaving GHCi.
]0;risa@LAPTOP-RRDODLEA: ~/cs2022[01;32mrisa@LAPTOP-RRDODLEA[00m:[01;34m~/cs2022[00m$ git add .
]0;risa@LAPTOP-RRDODLEA: ~/cs2022[01;32mrisa@LAPTOP-RRDODLEA[00m:[01;34m~/cs2022[00m$ git commit -m "start algo"
[main 4822c9c] start algo
 4 files changed, 373 insertions(+), 1 deletion(-)
 create mode 100644 ghci.log
 create mode 100644 src/TemplateAlgo.hs
 create mode 100644 stack.yaml.lock
]0;risa@LAPTOP-RRDODLEA: ~/cs2022[01;32mrisa@LAPTOP-RRDODLEA[00m:[01;34m~/cs2022[00m$ git push
Enumerating objects: 10, done.
Counting objects:  10% (1/10)Counting objects:  20% (2/10)Counting objects:  30% (3/10)Counting objects:  40% (4/10)Counting objects:  50% (5/10)Counting objects:  60% (6/10)Counting objects:  70% (7/10)Counting objects:  80% (8/10)Counting objects:  90% (9/10)Counting objects: 100% (10/10)Counting objects: 100% (10/10), done.
Delta compression using up to 8 threads
Compressing objects:  14% (1/7)Compressing objects:  28% (2/7)Compressing objects:  42% (3/7)Compressing objects:  57% (4/7)Compressing objects:  71% (5/7)Compressing objects:  85% (6/7)Compressing objects: 100% (7/7)Compressing objects: 100% (7/7), done.
Writing objects:  14% (1/7)Writing objects:  28% (2/7)Writing objects:  42% (3/7)Writing objects:  57% (4/7)Writing objects:  71% (5/7)Writing objects:  85% (6/7)Writing objects: 100% (7/7)Writing objects: 100% (7/7), 7.10 KiB | 1.42 MiB/s, done.
Total 7 (delta 1), reused 0 (delta 0)
remote: Resolving deltas:   0% (0/1)[Kremote: Resolving deltas: 100% (1/1)[Kremote: Resolving deltas: 100% (1/1), completed with 1 local object.[K
To github.com:KiharaRisa/cs2022
   8c0117f..4822c9c  main -> main
]0;risa@LAPTOP-RRDODLEA: ~/cs2022[01;32mrisa@LAPTOP-RRDODLEA[00m:[01;34m~/cs2022[00m$ Script started on 2022-09-26 11:31:04+09:00 [TERM="xterm-256color" TTY="/dev/pts/3" COLUMNS="121" LINES="17"]
]0;risa@LAPTOP-RRDODLEA: ~/cs2022[01;32mrisa@LAPTOP-RRDODLEA[00m:[01;34m~/cs2022[00m$ cat 'which[K[K[K[K[K[K`which igci`hci`[C[C[C[1Pghci`lghci`[C[C[C[C
#!/bin/bash
ginput | tee -a -i ghci.log | stack exec -- ghci 2>&1 | tee -a -i ghci.log
]0;risa@LAPTOP-RRDODLEA: ~/cs2022[01;32mrisa@LAPTOP-RRDODLEA[00m:[01;34m~/cs2022[00m$ code ~/.local/bin
]0;risa@LAPTOP-RRDODLEA: ~/cs2022[01;32mrisa@LAPTOP-RRDODLEA[00m:[01;34m~/cs2022[00m$ lghci src/Ten[KmplateAlgo.hs 
GHCi, version 8.10.7: https://www.haskell.org/ghc/  :? for help
Loaded GHCi configuration from /home/risa/cs2022/.ghci
[1 of 1] Compiling TemplateAlgo     ( src/TemplateAlgo.hs, interpreted )

[;1msrc/TemplateAlgo.hs:4:17: [;1m[31merror:[0m[0m[;1m[0m[0m[;1m
    Variable not in scope: proc :: String -> String[0m[0m
[;1m[34m  |[0m[0m
[;1m[34m4 |[0m[0m main = interact [;1m[31mproc[0m[0m
[;1m[34m  |[0m[0m[;1m[31m                 ^^^^[0m[0m
[0m[0m[0mFailed, no modules loaded.
2022-09-26 11:41:04.745327344
[?1h=>>> :q
[?1l>Leaving GHCi.
]0;risa@LAPTOP-RRDODLEA: ~/cs2022[01;32mrisa@LAPTOP-RRDODLEA[00m:[01;34m~/cs2022[00m$ lghci src/TemplateAlgo.hs 
GHCi, version 8.10.7: https://www.haskell.org/ghc/  :? for help
Loaded GHCi configuration from /home/risa/cs2022/.ghci
[1 of 1] Compiling TemplateAlgo     ( src/TemplateAlgo.hs, interpreted )
Ok, one module loaded.
2022-09-26 11:42:08.797960141
[?1h=>>> worrd[K[Kds "This is a pen."
[?1l>["This","is","a","pen."]
2022-09-26 11:43:26.993809744
[?1h=>>> :r
[?1l>   1  module TemplateAlgo where
   2  
   3  main :: IO ()
   4  main = interact func
   5  
   6  func :: String -> String
   7  func input = case map (map readInt . words) (lines input) of
   8      _ -> undefined 
   9  
  10  readInt :: String -> Int
  11  readInt = read
Ok, one module loaded.
2022-09-26 12:06:47.478468163
[?1h=>>> :l app/Main.hs
[?1l>   1    module Main where
   2    
   3    main :: IO ()
   4    main = interact func
   5    
   6    func :: String -> String
   7    func input = undefined ([1 .. 3])
   8    
   9    showInt :: Int -> String
  10    showInt = show
[1 of 1] Compiling Main             ( app/Main.hs, interpreted )
Ok, one module loaded.
2022-09-26 12:07:23.797313102
[?1h=>>> :l app/[K[K[K[K[K[K[Kmain
[?1l>*** Exception: Prelude.undefined
CallStack (from HasCallStack):
  error, called at libraries/base/GHC/Err.hs:79:14 in base:GHC.Err
  undefined, called at app/Main.hs:7:14 in main:Main
2022-09-26 12:08:34.921493196
[?1h=>>> 
[?1l><stdin>: hGetChar: illegal operation (handle is semi-closed)
]0;risa@LAPTOP-RRDODLEA: ~/cs2022[01;32mrisa@LAPTOP-RRDODLEA[00m:[01;34m~/cs2022[00m$ *[K:q
:q: command not found
]0;risa@LAPTOP-RRDODLEA: ~/cs2022[01;32mrisa@LAPTOP-RRDODLEA[00m:[01;34m~/cs2022[00m$ *[K:l app/Main.hs
:l: command not found
]0;risa@LAPTOP-RRDODLEA: ~/cs2022[01;32mrisa@LAPTOP-RRDODLEA[00m:[01;34m~/cs2022[00m$ :l app/Main.hsq[Klghci src/TemplateAlgo.hs [K[K[K[K[K[K[K[K[K[K[K[K[K[K[K[K[K[K[K[Kapp/main[K[K[K[KMain.hs 
GHCi, version 8.10.7: https://www.haskell.org/ghc/  :? for help
Loaded GHCi configuration from /home/risa/cs2022/.ghci
[1 of 1] Compiling Main             ( app/Main.hs, interpreted )
Ok, one module loaded.
2022-09-26 12:11:30.619046257
[?1h=>>> main
[?1l>*** Exception: Prelude.undefined
CallStack (from HasCallStack):
  error, called at libraries/base/GHC/Err.hs:79:14 in base:GHC.Err
  undefined, called at app/Main.hs:7:14 in main:Main
2022-09-26 12:11:34.973929061
[?1h=>>> 
[?1l><stdin>: hGetChar: illegal operation (handle is semi-closed)
]0;risa@LAPTOP-RRDODLEA: ~/cs2022[01;32mrisa@LAPTOP-RRDODLEA[00m:[01;34m~/cs2022[00m$ lsh[K[Kghci app/Main.hs 
GHCi, version 8.10.7: https://www.haskell.org/ghc/  :? for help
Loaded GHCi configuration from /home/risa/cs2022/.ghci
[1 of 1] Compiling Main             ( app/Main.hs, interpreted )

[;1mapp/Main.hs:7:23: [;1m[31merror:[0m[0m[;1m[0m[0m[;1m
    • No instance for (Enum String)
        arising from the arithmetic sequence ‘1 .. 3’
    • In the first argument of ‘unlines’, namely ‘([1 .. 3])’
      In the expression: unlines ([1 .. 3])
      In an equation for ‘func’: func input = unlines ([1 .. 3])[0m[0m
[;1m[34m  |[0m[0m
[;1m[34m7 |[0m[0m func input = unlines ([;1m[31m[1 .. 3][0m[0m)
[;1m[34m  |[0m[0m[;1m[31m                       ^^^^^^^^[0m[0m
[0m[0m[0m
[;1mapp/Main.hs:7:24: [;1m[31merror:[0m[0m[;1m[0m[0m[;1m
    • No instance for (Num String) arising from the literal ‘1’
    • In the expression: 1
      In the first argument of ‘unlines’, namely ‘([1 .. 3])’
      In the expression: unlines ([1 .. 3])[0m[0m
[;1m[34m  |[0m[0m
[;1m[34m7 |[0m[0m func input = unlines ([[;1m[31m1[0m[0m .. 3])
[;1m[34m  |[0m[0m[;1m[31m                        ^[0m[0m
[0m[0m[0mFailed, no modules loaded.
2022-09-26 12:12:19.620438638
[?1h=>>> main
[?1l>
[;1m<interactive>:1:1: [;1m[31merror:[0m[0m[;1m[0m[0m[;1m
    • Variable not in scope: main
    • Perhaps you meant ‘min’ (imported from Prelude)[0m[0m
[0m[0m[0m2022-09-26 12:12:46.654969975
[?1h=>>> app/Main.hs
[?1l>
[;1m<interactive>:2:5: [;1m[31merror:[0m[0m[;1m[0m[0m[;1m
    Not in scope: ‘Main.hs’
    No module named ‘Main’ is imported.[0m[0m
[0m[0m[0m2022-09-26 12:13:19.980431732
[?1h=>>> main
[?1l>
[;1m<interactive>:3:1: [;1m[31merror:[0m[0m[;1m[0m[0m[;1m
    • Variable not in scope: main
    • Perhaps you meant ‘min’ (imported from Prelude)[0m[0m
[0m[0m[0m2022-09-26 12:13:39.387789484
[?1h=>>> main
[?1l>
[;1m<interactive>:4:1: [;1m[31merror:[0m[0m[;1m[0m[0m[;1m
    • Variable not in scope: main
    • Perhaps you meant ‘min’ (imported from Prelude)[0m[0m
[0m[0m[0m2022-09-26 12:15:09.84736481
[?1h=>>> Script started on 2022-10-03 11:03:05+09:00 [TERM="xterm-256color" TTY="/dev/pts/3" COLUMNS="127" LINES="17"]
]0;risa@LAPTOP-RRDODLEA: ~/cs2022[01;32mrisa@LAPTOP-RRDODLEA[00m:[01;34m~/cs2022[00m$ lghc[K[K[K[Kcat `@[Kwhi[Kich lghci`
#!/bin/bash

stack exec -- ghci $1
]0;risa@LAPTOP-RRDODLEA: ~/cs2022[01;32mrisa@LAPTOP-RRDODLEA[00m:[01;34m~/cs2022[00m$ lghci app/Main.hs
GHCi, version 8.10.7: https://www.haskell.org/ghc/  :? for help
Loaded GHCi configuration from /home/risa/cs2022/.ghci
[1 of 1] Compiling Main             ( app/Main.hs, interpreted )
Ok, one module loaded.
2022-10-03 11:08:02.541526015
[?1h=>>> 27182 `mod` 818
[?1l>188
2022-10-03 11:13:44.48883976
[?1h=>>> :r
[?1l>   1  module Main where
   2  
   3  showInt :: Int -> String
   4  showInt = show
   5  
   6  readInt :: String -> Int
   7  readInt = read
   8  
   9  main :: IO ()
  10  main = interact func
  11  
  12  -- func :: String -> String
  13  -- func input = unlines (map showInt [1 .. 3])
  14  
  15  func :: String -> String
  16  func input = 27182 `mod` 818
[1 of 1] Compiling Main             ( app/Main.hs, interpreted )

[;1mapp/Main.hs:16:14: [;1m[31merror:[0m[0m[;1m[0m[0m[;1m
    • No instance for (Num String) arising from the literal ‘27182’
    • In the first argument of ‘mod’, namely ‘27182’
      In the expression: 27182 `mod` 818
      In an equation for ‘func’: func input = 27182 `mod` 818[0m[0m
[;1m[34m   |[0m[0m
[;1m[34m16 |[0m[0m func input = [;1m[31m27182[0m[0m `mod` 818
[;1m[34m   |[0m[0m[;1m[31m              ^^^^^[0m[0m
[0m[0m[0m
[;1mapp/Main.hs:16:14: [;1m[31merror:[0m[0m[;1m[0m[0m[;1m
    • No instance for (Integral String) arising from a use of ‘mod’
    • In the expression: 27182 `mod` 818
      In an equation for ‘func’: func input = 27182 `mod` 818[0m[0m
[;1m[34m   |[0m[0m
[;1m[34m16 |[0m[0m func input = [;1m[31m27182 `mod` 818[0m[0m
[;1m[34m   |[0m[0m[;1m[31m              ^^^^^^^^^^^^^^^[0m[0m
[0m[0m[0mFailed, no modules loaded.
2022-10-03 11:15:06.825863055
[?1h=>>> :r
[?1l>   1  module Main where
   2  
   3  showInt :: Int -> String
   4  showInt = show
   5  
   6  readInt :: String -> Int
   7  readInt = read
   8  
   9  main :: IO ()
  10  main = interact func
  11  
  12  -- func :: String -> String
  13  -- func input = unlines (map showInt [1 .. 3])
  14  
  15  func :: String -> String
  16  func input = showInt (27182 `mod` 818)
[1 of 1] Compiling Main             ( app/Main.hs, interpreted )
Ok, one module loaded.
2022-10-03 11:18:38.689765424
[?1h=>>> :r
[?1l>   1  module Main where
   2  
   3  showInt :: Int -> String
   4  showInt = show
   5  
   6  readInt :: String -> Int
   7  readInt = read
   8  
   9  main :: IO ()
  10  main = interact func
  11  
  12  func :: String -> String
  13  
  14  -- func :: String -> String
  15  -- func input = unlines (map showInt [1 .. 3])
  16  
  17  -- func :: String -> String
  18  -- func input = showInt (27182 `mod` 818)
  19  
  20  -- func :: String -> String
  21  -- func input = showInt (314 * (159 + 265) - 358)
  22  
  23  -- func :: String -> String
  24  -- func input = showInt (60 * 60 * 24)
  25  -- func input =showInt (2 * readInt iput)
  26  
  27   func input = case readInt input of
  28      n -> showInt (2 * n)
[1 of 1] Compiling Main             ( app/Main.hs, interpreted )

[;1mapp/Main.hs:12:19: [;1m[31merror:[0m[0m[;1m[0m[0m[;1m
    • Expected kind ‘k0 -> k1 -> *’, but ‘String’ has kind ‘*’
    • In the type ‘String -> String func input’
      In a pattern type signature: String -> String func input
      In the pattern: func :: String -> String func input[0m[0m
[;1m[34m   |[0m[0m
[;1m[34m12 |[0m[0m func :: String -> [;1m[31mString[0m[0m
[;1m[34m   |[0m[0m[;1m[31m                   ^^^^^^...[0m[0m
[0m[0m[0mFailed, no modules loaded.
2022-10-03 11:49:50.108649298
[?1h=>>> :r
[?1l>   1  module Main where
   2  
   3  showInt :: Int -> String
   4  showInt = show
   5  
   6  readInt :: String -> Int
   7  readInt = read
   8  
   9  main :: IO ()
  10  main = interact func
  11  
  12  func :: String -> String
  13  
  14  -- func :: String -> String
  15  -- func input = unlines (map showInt [1 .. 3])
  16  
  17  -- func :: String -> String
  18  -- func input = showInt (27182 `mod` 818)
  19  
  20  -- func :: String -> String
  21  -- func input = showInt (314 * (159 + 265) - 358)
  22  
  23  -- func :: String -> String
  24  -- func input = showInt (60 * 60 * 24)
  25  
  26  -- func input =showInt (2 * readInt iput)
  27  
  28   func input = case readInt input of
  29      n -> showInt (2 * n)
[1 of 1] Compiling Main             ( app/Main.hs, interpreted )

[;1mapp/Main.hs:12:19: [;1m[31merror:[0m[0m[;1m[0m[0m[;1m
    • Expected kind ‘k0 -> k1 -> *’, but ‘String’ has kind ‘*’
    • In the type ‘String -> String func input’
      In a pattern type signature: String -> String func input
      In the pattern: func :: String -> String func input[0m[0m
[;1m[34m   |[0m[0m
[;1m[34m12 |[0m[0m func :: String -> [;1m[31mString[0m[0m
[;1m[34m   |[0m[0m[;1m[31m                   ^^^^^^...[0m[0m
[0m[0m[0mFailed, no modules loaded.
2022-10-03 11:51:33.970144353
[?1h=>>> :r
[?1l>   1  module Main where
   2  
   3  showInt :: Int -> String
   4  showInt = show
   5  
   6  readInt :: String -> Int
   7  readInt = read
   8  
   9  main :: IO ()
  10  main = interact func
  11  
  12  func :: String -> String
  13  
  14  -- func :: String -> String
  15  -- func input = unlines (map showInt [1 .. 3])
  16  
  17  -- func :: String -> String
  18  -- func input = showInt (27182 `mod` 818)
  19  
  20  -- func :: String -> String
  21  -- func input = showInt (314 * (159 + 265) - 358)
  22  
  23  -- func :: String -> String
  24  -- func input = showInt (60 * 60 * 24)
  25  
  26  -- func input =showInt (2 * readInt iput)
  27  
  28   func input = case readInt input of
  29      n -> showInt (2 * n)
[1 of 1] Compiling Main             ( app/Main.hs, interpreted )

[;1mapp/Main.hs:12:19: [;1m[31merror:[0m[0m[;1m[0m[0m[;1m
    • Expected kind ‘k0 -> k1 -> *’, but ‘String’ has kind ‘*’
    • In the type ‘String -> String func input’
      In a pattern type signature: String -> String func input
      In the pattern: func :: String -> String func input[0m[0m
[;1m[34m   |[0m[0m
[;1m[34m12 |[0m[0m func :: String -> [;1m[31mString[0m[0m
[;1m[34m   |[0m[0m[;1m[31m                   ^^^^^^...[0m[0m
[0m[0m[0mFailed, no modules loaded.
2022-10-03 11:51:53.807105063
[?1h=>>> :r
[?1l>   1  module Main where
   2  
   3  showInt :: Int -> String
   4  showInt = show
   5  
   6  readInt :: String -> Int
   7  readInt = read
   8  
   9  main :: IO ()
  10  main = interact func
  11  
  12  func :: String -> String
  13  
  14  -- func :: String -> String
  15  -- func input = unlines (map showInt [1 .. 3])
  16  
  17  -- func :: String -> String
  18  -- func input = showInt (27182 `mod` 818)
  19  
  20  -- func :: String -> String
  21  -- func input = showInt (314 * (159 + 265) - 358)
  22  
  23  -- func :: String -> String
  24  -- func input = showInt (60 * 60 * 24)
  25  
  26  -- func input =showInt (2 * readInt iput)
  27  
  28   func input = case readInt input of
  29      n -> showInt (2 * n)
[1 of 1] Compiling Main             ( app/Main.hs, interpreted )

[;1mapp/Main.hs:12:19: [;1m[31merror:[0m[0m[;1m[0m[0m[;1m
    • Expected kind ‘k0 -> k1 -> *’, but ‘String’ has kind ‘*’
    • In the type ‘String -> String func input’
      In a pattern type signature: String -> String func input
      In the pattern: func :: String -> String func input[0m[0m
[;1m[34m   |[0m[0m
[;1m[34m12 |[0m[0m func :: String -> [;1m[31mString[0m[0m
[;1m[34m   |[0m[0m[;1m[31m                   ^^^^^^...[0m[0m
[0m[0m[0mFailed, no modules loaded.
2022-10-03 11:52:20.048554806
[?1h=>>> ;r
[?1l>
[;1m<interactive>:8:2: [;1m[31merror:[0m[0m[;1m[0m[0m[;1m
    Parse error: module header, import declaration
    or top-level declaration expected.[0m[0m
[0m[0m[0m2022-10-03 11:52:23.038503318
[?1h=>>> :r
[?1l>   1  module Main where
   2  
   3  showInt :: Int -> String
   4  showInt = show
   5  
   6  readInt :: String -> Int
   7  readInt = read
   8  
   9  main :: IO ()
  10  main = interact func
  11  
  12  func :: String -> String
  13  
  14  -- func :: String -> String
  15  -- func input = unlines (map showInt [1 .. 3])
  16  
  17  -- func :: String -> String
  18  -- func input = showInt (27182 `mod` 818)
  19  
  20  -- func :: String -> String
  21  -- func input = showInt (314 * (159 + 265) - 358)
  22  
  23  -- func :: String -> String
  24  -- func input = showInt (60 * 60 * 24)
  25  
  26  -- func input =showInt (2 * readInt iput)
  27  
  28   func input = case readInt input of
  29      n -> showInt (2 * n)
[1 of 1] Compiling Main             ( app/Main.hs, interpreted )

[;1mapp/Main.hs:12:19: [;1m[31merror:[0m[0m[;1m[0m[0m[;1m
    • Expected kind ‘k0 -> k1 -> *’, but ‘String’ has kind ‘*’
    • In the type ‘String -> String func input’
      In a pattern type signature: String -> String func input
      In the pattern: func :: String -> String func input[0m[0m
[;1m[34m   |[0m[0m
[;1m[34m12 |[0m[0m func :: String -> [;1m[31mString[0m[0m
[;1m[34m   |[0m[0m[;1m[31m                   ^^^^^^...[0m[0m
[0m[0m[0mFailed, no modules loaded.
2022-10-03 11:52:26.144880073
[?1h=>>> :r
[?1l>   1  module Main where
   2  
   3  showInt :: Int -> String
   4  showInt = show
   5  
   6  readInt :: String -> Int
   7  readInt = read
   8  
   9  main :: IO ()
  10  main = interact func
  11  
  12  func :: String -> String
  13  
  14  -- func :: String -> String
  15  -- func input = unlines (map showInt [1 .. 3])
  16  
  17  -- func :: String -> String
  18  -- func input = showInt (27182 `mod` 818)
  19  
  20  -- func :: String -> String
  21  -- func input = showInt (314 * (159 + 265) - 358)
  22  
  23  -- func :: String -> String
  24  -- func input = showInt (60 * 60 * 24)
  25  
  26  -- func input =showInt (2 * readInt iput)
  27  
  28   func input = case readInt input of
  29      n -> showInt (2 * n)
[1 of 1] Compiling Main             ( app/Main.hs, interpreted )

[;1mapp/Main.hs:12:19: [;1m[31merror:[0m[0m[;1m[0m[0m[;1m
    • Expected kind ‘k0 -> k1 -> *’, but ‘String’ has kind ‘*’
    • In the type ‘String -> String func input’
      In a pattern type signature: String -> String func input
      In the pattern: func :: String -> String func input[0m[0m
[;1m[34m   |[0m[0m
[;1m[34m12 |[0m[0m func :: String -> [;1m[31mString[0m[0m
[;1m[34m   |[0m[0m[;1m[31m                   ^^^^^^...[0m[0m
[0m[0m[0mFailed, no modules loaded.
2022-10-03 11:53:10.424114101
[?1h=>>> :r
[?1l>   1  module Main where
   2  
   3  showInt :: Int -> String
   4  showInt = show
   5  
   6  readInt :: String -> Int
   7  readInt = read
   8  
   9  main :: IO ()
  10  main = interact func
  11  
  12  func :: String -> String
  13  
  14  -- func :: String -> String
  15  -- func input = unlines (map showInt [1 .. 3])
  16  
  17  -- func :: String -> String
  18  -- func input = showInt (27182 `mod` 818)
  19  
  20  -- func :: String -> String
  21  -- func input = showInt (314 * (159 + 265) - 358)
  22  
  23  -- func :: String -> String
  24  -- func input = showInt (60 * 60 * 24)
  25  
  26  -- func input =showInt (2 * readInt iput)
  27  
  28  func input = case readInt input of
  29      n -> showInt (2 * n)
[1 of 1] Compiling Main             ( app/Main.hs, interpreted )
Ok, one module loaded.
2022-10-03 11:55:15.466306851
[?1h=>>> :q
[?1l>Leaving GHCi.
]0;risa@LAPTOP-RRDODLEA: ~/cs2022[01;32mrisa@LAPTOP-RRDODLEA[00m:[01;34m~/cs2022[00m$ git add /[K,[K/[K.
]0;risa@LAPTOP-RRDODLEA: ~/cs2022[01;32mrisa@LAPTOP-RRDODLEA[00m:[01;34m~/cs2022[00m$ git commit -m "add uoto[K[K[Kpto sta[Kdin-3[K1-3"
[main 2247478] add upto stdin-1-3
 3 files changed, 549 insertions(+), 5 deletions(-)
]0;risa@LAPTOP-RRDODLEA: ~/cs2022[01;32mrisa@LAPTOP-RRDODLEA[00m:[01;34m~/cs2022[00m$ git push
Enumerating objects: 13, done.
Counting objects:   7% (1/13)Counting objects:  15% (2/13)Counting objects:  23% (3/13)Counting objects:  30% (4/13)Counting objects:  38% (5/13)Counting objects:  46% (6/13)Counting objects:  53% (7/13)Counting objects:  61% (8/13)Counting objects:  69% (9/13)Counting objects:  76% (10/13)Counting objects:  84% (11/13)Counting objects:  92% (12/13)Counting objects: 100% (13/13)Counting objects: 100% (13/13), done.
Delta compression using up to 8 threads
Compressing objects:  16% (1/6)Compressing objects:  33% (2/6)Compressing objects:  50% (3/6)Compressing objects:  66% (4/6)Compressing objects:  83% (5/6)Compressing objects: 100% (6/6)Compressing objects: 100% (6/6), done.
Writing objects:  14% (1/7)Writing objects:  28% (2/7)Writing objects:  42% (3/7)Writing objects:  57% (4/7)Writing objects:  71% (5/7)Writing objects:  85% (6/7)Writing objects: 100% (7/7)Writing objects: 100% (7/7), 3.74 KiB | 637.00 KiB/s, done.
Total 7 (delta 3), reused 0 (delta 0)
remote: Resolving deltas:   0% (0/3)[Kremote: Resolving deltas:  33% (1/3)[Kremote: Resolving deltas:  66% (2/3)[Kremote: Resolving deltas: 100% (3/3)[Kremote: Resolving deltas: 100% (3/3), completed with 3 local objects.[K
To github.com:KiharaRisa/cs2022
   4822c9c..2247478  main -> main
]0;risa@LAPTOP-RRDODLEA: ~/cs2022[01;32mrisa@LAPTOP-RRDODLEA[00m:[01;34m~/cs2022[00m$ Script started on 2022-10-17 10:54:36+09:00 [TERM="xterm-256color" TTY="/dev/pts/3" COLUMNS="121" LINES="17"]
]0;risa@LAPTOP-RRDODLEA: ~/cs2022[01;32mrisa@LAPTOP-RRDODLEA[00m:[01;34m~/cs2022[00m$ stack build
[0mcs2022-0.1.0.0: unregistering (local file changes: app/Main.hs src/TemplateAlgo.hs)[0m
[0mcs2022> build (lib + exe)[0m
[0mPreprocessing library for cs2022-0.1.0.0..[0m
[0mBuilding library for cs2022-0.1.0.0..[0m
[0m[3 of 3] Compiling TemplateAlgo[0m
[0mPreprocessing executable 'cs2022' for cs2022-0.1.0.0..[0m
[0mBuilding executable 'cs2022' for cs2022-0.1.0.0..[0m
[0m[2 of 2] Compiling Main[0m
[0mLinking .stack-work/dist/x86_64-linux-tinfo6/Cabal-3.2.1.0/build/cs2022/cs2022 ...[0m
[0mcs2022> copy/register[0m
[0mInstalling library in /home/risa/cs2022/.stack-work/install/x86_64-linux-tinfo6/47d50dc1cca1eb4d88dfbc433da97ba13941bdea4c926108104e50e11ab28061/8.10.7/lib/x86_64-linux-ghc-8.10.7/cs2022-0.1.0.0-BUCyn38qLb36zUXpKHew9j[0m
[0mInstalling executable cs2022 in /home/risa/cs2022/.stack-work/install/x86_64-linux-tinfo6/47d50dc1cca1eb4d88dfbc433da97ba13941bdea4c926108104e50e11ab28061/8.10.7/bin[0m
[0mRegistering library for cs2022-0.1.0.0..[0m
]0;risa@LAPTOP-RRDODLEA: ~/cs2022[01;32mrisa@LAPTOP-RRDODLEA[00m:[01;34m~/cs2022[00m$ stack build
[0mcs2022-0.1.0.0: unregistering (local file changes: app/Main.hs)[0m
[0mcs2022> build (lib + exe)[0m
[0mPreprocessing library for cs2022-0.1.0.0..[0m
[0mBuilding library for cs2022-0.1.0.0..[0m
[0mPreprocessing executable 'cs2022' for cs2022-0.1.0.0..[0m
[0mBuilding executable 'cs2022' for cs2022-0.1.0.0..[0m
[0m[2 of 2] Compiling Main[0m
[0m[0m
[0m/home/risa/cs2022/[;1mapp/Main.hs:46:1: [;1m[35mwarning:[0m[0m[;1m [[;1m[35m-Woverlapping-patterns[0m[0m[;1m][0m[0m[;1m[0m
[0m    Pattern match is redundant[0m
[0m    In an equation for ‘func’: func input = ...[0m[0m[0m
[0m[;1m[34m   |[0m[0m[0m
[0m[;1m[34m46 |[0m[0m [;1m[35mfunc input = case map (map readInt . words) (lines input) of[0m[0m[0m
[0m[;1m[34m   |[0m[0m[;1m[35m ^^^^^^^^^^^^^^^^^^^^^^^^^^^^^^^^^^^^^^^^^^^^^^^^^^^^^^^^^^^^...[0m[0m[0m
[0mLinking .stack-work/dist/x86_64-linux-tinfo6/Cabal-3.2.1.0/build/cs2022/cs2022 ...[0m
[0m[0m[0m[0m[0m
[0mcs2022> copy/register[0m
[0mInstalling library in /home/risa/cs2022/.stack-work/install/x86_64-linux-tinfo6/47d50dc1cca1eb4d88dfbc433da97ba13941bdea4c926108104e50e11ab28061/8.10.7/lib/x86_64-linux-ghc-8.10.7/cs2022-0.1.0.0-BUCyn38qLb36zUXpKHew9j[0m
[0mInstalling executable cs2022 in /home/risa/cs2022/.stack-work/install/x86_64-linux-tinfo6/47d50dc1cca1eb4d88dfbc433da97ba13941bdea4c926108104e50e11ab28061/8.10.7/bin[0m
[0mRegistering library for cs2022-0.1.0.0..[0m
]0;risa@LAPTOP-RRDODLEA: ~/cs2022[01;32mrisa@LAPTOP-RRDODLEA[00m:[01;34m~/cs2022[00m$ git add /[K.
